SF:lib/src/setting/infrastructure/datasource/local/setting_local_hive_service.dart
DA:10,1
DA:16,1
DA:19,2
DA:22,1
DA:25,1
DA:31,1
DA:33,1
DA:34,1
DA:35,2
DA:36,2
DA:41,1
DA:43,1
DA:44,1
DA:45,2
DA:46,2
DA:51,1
DA:53,1
DA:59,1
DA:60,2
LF:19
LH:19
end_of_record
SF:lib/src/setting/infrastructure/model/setting_dto.dart
DA:6,4
DA:14,3
DA:15,9
DA:18,6
DA:20,2
DA:21,6
DA:24,2
DA:29,2
DA:30,6
DA:31,6
DA:34,1
DA:38,1
DA:39,1
DA:40,1
DA:44,2
DA:45,2
DA:46,4
DA:47,4
DA:51,2
DA:52,2
DA:54,5
DA:55,5
DA:59,3
DA:61,1
DA:62,2
LF:25
LH:25
end_of_record
SF:lib/src/core/domain/entity/exception.dart
DA:4,8
DA:10,8
LF:2
LH:2
end_of_record
SF:lib/src/core/domain/entity/no_params.dart
DA:2,9
LF:1
LH:1
end_of_record
SF:lib/src/setting/application/setting_event.dart
DA:18,1
DA:20,1
DA:22,1
DA:23,1
DA:26,1
DA:28,2
DA:29,1
DA:30,1
DA:31,1
DA:32,1
DA:34,1
DA:35,1
DA:36,1
DA:43,1
DA:47,1
DA:49,1
DA:50,1
DA:53,1
DA:55,2
DA:57,3
DA:59,3
DA:60,1
DA:61,1
DA:62,1
DA:63,1
DA:64,1
DA:66,1
DA:67,1
DA:74,1
DA:78,1
DA:80,1
DA:81,1
DA:84,1
DA:86,2
DA:87,3
DA:89,3
DA:90,1
DA:91,1
DA:92,1
DA:93,1
DA:94,1
DA:96,1
DA:97,1
LF:43
LH:43
end_of_record
SF:lib/src/setting/application/setting_state.dart
DA:13,15
DA:15,1
DA:17,2
DA:22,8
DA:24,1
DA:26,2
DA:31,8
DA:33,1
DA:35,2
DA:40,8
DA:42,1
DA:44,2
LF:12
LH:12
end_of_record
SF:lib/src/setting/application/setting_state_notifier.dart
DA:11,1
DA:15,1
DA:26,1
DA:27,1
DA:28,1
DA:31,1
DA:32,2
DA:35,1
DA:36,1
LF:9
LH:9
end_of_record
SF:lib/src/setting/domain/entity/setting.dart
DA:22,11
DA:30,5
DA:35,3
DA:40,2
DA:41,6
DA:42,6
DA:45,2
DA:49,2
DA:50,1
DA:51,2
LF:10
LH:10
end_of_record
SF:lib/src/setting/domain/usecase/change_language.dart
DA:8,1
DA:14,1
DA:16,2
LF:3
LH:3
end_of_record
SF:lib/src/setting/domain/usecase/load_setting.dart
DA:11,1
DA:15,1
DA:17,2
LF:3
LH:3
end_of_record
SF:lib/src/setting/domain/usecase/change_thememode.dart
DA:10,1
DA:14,1
DA:16,2
LF:3
LH:3
end_of_record
SF:lib/src/setting/dependency_injection.dart
DA:14,2
DA:15,1
DA:16,2
DA:17,2
DA:18,2
DA:19,2
DA:24,3
DA:25,0
DA:26,0
DA:30,3
DA:31,0
DA:32,0
DA:36,3
DA:37,0
DA:38,0
DA:43,0
DA:44,0
DA:45,0
DA:50,0
DA:51,0
DA:54,0
DA:55,0
LF:22
LH:9
end_of_record
SF:lib/src/setting/infrastructure/repository/setting_repository_impl.dart
DA:12,1
DA:16,1
DA:19,2
DA:20,1
DA:21,1
DA:22,1
DA:23,2
DA:27,1
DA:29,4
DA:32,1
DA:34,1
DA:35,3
DA:38,1
DA:41,1
DA:43,1
DA:44,2
LF:16
LH:16
end_of_record
