SF:lib/src/settings/domain/usecase/update_theme.dart
DA:9,1
DA:13,1
DA:15,2
LF:3
LH:3
end_of_record
SF:lib/src/core/domain/entities/failure.dart
DA:2,0
DA:8,2
DA:13,0
LF:3
LH:1
end_of_record
SF:lib/src/core/domain/usecases/usecase.dart
DA:5,2
LF:1
LH:1
end_of_record
SF:lib/src/settings/domain/entity/setting.dart
DA:3,7
DA:7,3
DA:11,2
DA:12,6
DA:13,6
DA:16,0
DA:17,0
DA:19,1
DA:22,1
DA:23,1
LF:10
LH:8
end_of_record
SF:lib/src/core/domain/entities/no_params.dart
DA:2,3
LF:1
LH:1
end_of_record
SF:lib/src/settings/domain/usecase/load_theme.dart
DA:11,1
DA:15,1
DA:17,2
LF:3
LH:3
end_of_record
SF:lib/src/settings/infrastructure/model/setting_dto.dart
DA:7,7
DA:10,1
DA:11,2
DA:14,2
DA:15,4
DA:18,2
DA:22,2
DA:23,6
DA:24,6
DA:27,0
DA:28,0
DA:30,1
DA:33,1
DA:34,0
DA:38,2
DA:39,2
DA:40,2
DA:44,2
DA:45,2
DA:46,2
DA:50,3
DA:52,1
DA:53,2
LF:23
LH:20
end_of_record
SF:lib/src/core/domain/entities/exceptions.dart
DA:4,1
LF:1
LH:1
end_of_record
SF:lib/src/settings/infrastructure/repository/setting_repository.dart
DA:12,1
DA:16,1
DA:19,4
DA:20,1
DA:21,3
DA:25,1
DA:28,2
DA:30,1
DA:31,3
LF:9
LH:9
end_of_record
SF:lib/src/settings/infrastructure/datasource/local/settings_local_hive_service.dart
DA:7,1
DA:13,1
DA:15,2
DA:17,1
DA:18,1
DA:21,1
DA:23,2
DA:24,3
LF:8
LH:8
end_of_record
SF:lib/src/settings/application/setting_event.dart
DA:8,1
DA:12,1
LF:2
LH:2
end_of_record
SF:lib/src/settings/application/setting_state.dart
DA:15,3
DA:17,1
DA:19,1
DA:24,2
DA:26,1
DA:28,2
DA:29,1
DA:30,1
DA:31,1
DA:32,1
DA:34,1
DA:35,1
DA:36,1
DA:43,2
DA:45,1
DA:47,2
DA:48,2
DA:50,2
DA:52,2
DA:53,1
DA:54,1
DA:55,1
DA:56,1
DA:57,1
DA:59,1
DA:60,1
DA:67,2
DA:69,1
DA:71,1
LF:29
LH:29
end_of_record
SF:lib/src/settings/dependency_injection.dart
DA:14,0
DA:15,0
DA:19,2
DA:20,1
DA:21,2
DA:22,2
DA:23,2
DA:28,3
DA:29,0
DA:30,0
DA:34,3
DA:35,0
DA:36,0
DA:41,0
DA:42,0
DA:43,0
DA:48,0
DA:49,0
DA:52,0
DA:53,0
LF:20
LH:7
end_of_record
SF:lib/src/settings/application/setting_state_notifier.dart
DA:10,1
DA:13,1
DA:23,1
DA:24,1
DA:25,1
DA:28,1
DA:29,2
DA:31,4
DA:32,2
DA:36,1
DA:37,1
DA:40,1
DA:41,2
DA:42,1
DA:43,1
DA:45,1
DA:46,1
LF:17
LH:17
end_of_record
